Added Component: Designator=C1(RAD-0.3)
Added Component: Designator=C2(CAPR5-4X5)
Added Component: Designator=C3(RAD-0.3)
Added Component: Designator=C4(CAPR5-4X5)
Added Component: Designator=C6(RAD-0.3)
Added Component: Designator=C7(RAD-0.3)
Added Component: Designator=Cvar5(CapVarAmarillo)
Added Component: Designator=D1(DSO-C2/X2.3)
Added Component: Designator=D2(DSO-C2/X2.3)
Added Component: Designator=D3(DSO-C2/X2.3)
Added Component: Designator=D4(DSO-C2/X2.3)
Added Component: Designator=D5(DIODE-0.7)
Added Component: Designator=D6(DIODE-0.7)
Added Component: Designator=E1(PIN1)
Added Component: Designator=Ind(Ind 7mm)
Added Component: Designator=P1(HDR1X2)
Added Component: Designator=Q1(TO-92A)
Added Component: Designator=R1(AXIAL-0.3)
Added Component: Designator=R2(AXIAL-0.3)
Added Component: Designator=R3(AXIAL-0.3)
Added Component: Designator=R4(AXIAL-0.3)
Added Component: Designator=R5(CR1608-0603)
Added Component: Designator=R51(CR1608-0603)
Added Pin To Net: NetName=NetC1_1 Pin=C1-1
Added Pin To Net: NetName=NetC1_2 Pin=C1-2
Added Pin To Net: NetName=NetC2_1 Pin=C2-1
Added Pin To Net: NetName=NetC2_2 Pin=C2-2
Added Pin To Net: NetName=GND Pin=C3-1
Added Pin To Net: NetName=NetC2_2 Pin=C3-2
Added Pin To Net: NetName=NetC4_1 Pin=C4-1
Added Pin To Net: NetName=GND Pin=C4-2
Added Pin To Net: NetName=NetC6_1 Pin=C6-1
Added Pin To Net: NetName=NetC6_2 Pin=C6-2
Added Pin To Net: NetName=NetC7_1 Pin=C7-1
Added Pin To Net: NetName=NetC7_2 Pin=C7-2
Added Pin To Net: NetName=NetC7_2 Pin=Cvar5-1
Added Pin To Net: NetName=NetC4_1 Pin=Cvar5-2
Added Pin To Net: NetName=NetC1_2 Pin=D1-1
Added Pin To Net: NetName=NetC4_1 Pin=D1-2
Added Pin To Net: NetName=NetC2_1 Pin=D2-1
Added Pin To Net: NetName=NetC1_1 Pin=D2-2
Added Pin To Net: NetName=NetC2_1 Pin=D3-1
Added Pin To Net: NetName=NetC1_2 Pin=D3-2
Added Pin To Net: NetName=NetC1_1 Pin=D4-1
Added Pin To Net: NetName=NetC4_1 Pin=D4-2
Added Pin To Net: NetName=GND Pin=D5-1
Added Pin To Net: NetName=NetD5_2 Pin=D5-2
Added Pin To Net: NetName=NetD5_2 Pin=D6-1
Added Pin To Net: NetName=NetC4_1 Pin=D6-2
Added Pin To Net: NetName=NetC6_1 Pin=E1-1
Added Pin To Net: NetName=NetC7_2 Pin=Ind-1
Added Pin To Net: NetName=NetC6_2 Pin=Ind-2
Added Pin To Net: NetName=NetC1_1 Pin=P1-1
Added Pin To Net: NetName=NetC1_2 Pin=P1-2
Added Pin To Net: NetName=NetC7_2 Pin=Q1-1
Added Pin To Net: NetName=NetC7_1 Pin=Q1-2
Added Pin To Net: NetName=NetC2_2 Pin=Q1-3
Added Pin To Net: NetName=NetC1_1 Pin=R1-1
Added Pin To Net: NetName=NetC1_2 Pin=R1-2
Added Pin To Net: NetName=NetC2_2 Pin=R2-1
Added Pin To Net: NetName=NetC4_1 Pin=R2-2
Added Pin To Net: NetName=GND Pin=R3-1
Added Pin To Net: NetName=NetC2_2 Pin=R3-2
Added Pin To Net: NetName=GND Pin=R4-1
Added Pin To Net: NetName=NetC7_1 Pin=R4-2
Added Pin To Net: NetName=NetC2_1 Pin=R5-1
Added Pin To Net: NetName=GND Pin=R51-2
Added Pin To Net: NetName=NetR5_2 Pin=R5-2
Added Pin To Net: NetName=NetR5_2 Pin=R51-1
Added Net: Name=NetR5_2
Added Member To Class: ClassName=RoomBug Member=Component C1 0.1u
Added Member To Class: ClassName=RoomBug Member=Component C2 1u
Added Member To Class: ClassName=RoomBug Member=Component C3 1n
Added Member To Class: ClassName=RoomBug Member=Component C4 10u
Added Member To Class: ClassName=RoomBug Member=Component C6 4.7p
Added Member To Class: ClassName=RoomBug Member=Component C7 4.7p
Added Member To Class: ClassName=RoomBug Member=Component Cvar5 2-20p
Added Member To Class: ClassName=RoomBug Member=Component D1 D Schottky
Added Member To Class: ClassName=RoomBug Member=Component D2 D Schottky
Added Member To Class: ClassName=RoomBug Member=Component D3 D Schottky
Added Member To Class: ClassName=RoomBug Member=Component D4 D Schottky
Added Member To Class: ClassName=RoomBug Member=Component D5 4V7
Added Member To Class: ClassName=RoomBug Member=Component D6 4V7
Added Member To Class: ClassName=RoomBug Member=Component E1 Antenna
Added Member To Class: ClassName=RoomBug Member=Component Ind Ind3
Added Member To Class: ClassName=RoomBug Member=Component P1 Header 2
Added Member To Class: ClassName=RoomBug Member=Component Q1 2N3904
Added Member To Class: ClassName=RoomBug Member=Component R1 1.5k
Added Member To Class: ClassName=RoomBug Member=Component R2 27k
Added Member To Class: ClassName=RoomBug Member=Component R3 4k7
Added Member To Class: ClassName=RoomBug Member=Component R4 330
Added Member To Class: ClassName=RoomBug Member=Component R5 Res3
Added Member To Class: ClassName=RoomBug Member=Component R51 Res3
Added Room: Name=RoomBug
